<?xml version="1.0" encoding="UTF-8"?>
<!-- Generated by org.testng.reporters.JUnitXMLReporter -->
<testsuite ignored="0" hostname="DESKTOP-8S455D7" failures="0" tests="2" name="Test_runner-1" time="85.941" errors="0" timestamp="2021-05-03T16:03:07 IST">
  <testcase classname="com.comcast.crm.organizationtest.CreateOrganizationTest" name="createOrgWithIndustryTest" time="30.671"/>
  <testcase classname="com.comcast.crm.organizationtest.CreateOrganizationTest" name="createOrganizationTest" time="23.193"/>
</testsuite> <!-- Test_runner-1 -->
